<?xml version="1.0" encoding="UTF-8"?>
<!-- Generated by org.testng.reporters.JUnitXMLReporter -->
<testsuite hostname="TYSS-4F-043" ignored="4" name="Default test" tests="1" failures="0" timestamp="20 Nov 2017 12:22:22 GMT" time="44.113" errors="0">
  <testcase name="TestScript1" time="15.618" classname="Scripts.Home"/>
  <testcase name="@AfterTest AfterTest" time="0.0" classname="generic.Base">
    <ignored/>
  </testcase> <!-- @AfterTest AfterTest -->
  <testcase name="@AfterSuite configAfterSuit" time="0.0" classname="generic.Base">
    <ignored/>
  </testcase> <!-- @AfterSuite configAfterSuit -->
  <testcase name="@BeforeTest BeforeTest" time="0.0" classname="generic.Base">
    <ignored/>
  </testcase> <!-- @BeforeTest BeforeTest -->
  <testcase name="@BeforeSuite configBeforeSuit" time="0.0" classname="generic.Base">
    <ignored/>
  </testcase> <!-- @BeforeSuite configBeforeSuit -->
</testsuite> <!-- Default test -->
