<?xml version="1.0" encoding="UTF-8"?>
<testng-results skipped="0" failed="0" ignored="0" total="1" passed="1">
  <reporter-output>
    <line>
      <![CDATA[QuitBrowser]]>
    </line>
    <line>
      <![CDATA[Login]]>
    </line>
    <line>
      <![CDATA[QuitBrowser]]>
    </line>
    <line>
      <![CDATA[QuitBrowser]]>
    </line>
  </reporter-output>
  <suite name="Default suite" duration-ms="50602" started-at="2017-11-17T09:29:41Z" finished-at="2017-11-17T09:30:32Z">
    <groups>
    </groups>
    <test name="Default test" duration-ms="50602" started-at="2017-11-17T09:29:41Z" finished-at="2017-11-17T09:30:32Z">
      <class name="Scripts.Home">
        <test-method status="PASS" signature="configBeforeSuit()[pri:0, instance:Scripts.Home@887af79]" name="configBeforeSuit" is-config="true" duration-ms="362" started-at="2017-11-17T14:59:41Z" finished-at="2017-11-17T14:59:41Z">
          <reporter-output>
          </reporter-output>
        </test-method> <!-- configBeforeSuit -->
        <test-method status="PASS" signature="BeforeTest()[pri:0, instance:Scripts.Home@887af79]" name="BeforeTest" is-config="true" duration-ms="0" started-at="2017-11-17T14:59:41Z" finished-at="2017-11-17T14:59:41Z">
          <reporter-output>
          </reporter-output>
        </test-method> <!-- BeforeTest -->
        <test-method status="PASS" signature="BeforeClass()[pri:0, instance:Scripts.Home@887af79]" name="BeforeClass" is-config="true" duration-ms="24259" started-at="2017-11-17T14:59:41Z" finished-at="2017-11-17T15:00:05Z">
          <reporter-output>
            <line>
              <![CDATA[QuitBrowser]]>
            </line>
          </reporter-output>
        </test-method> <!-- BeforeClass -->
        <test-method status="PASS" signature="BeforeMethod()[pri:0, instance:Scripts.Home@887af79]" name="BeforeMethod" is-config="true" duration-ms="110" started-at="2017-11-17T15:00:05Z" finished-at="2017-11-17T15:00:05Z">
          <reporter-output>
            <line>
              <![CDATA[Login]]>
            </line>
          </reporter-output>
        </test-method> <!-- BeforeMethod -->
        <test-method status="PASS" signature="TestScript1()[pri:0, instance:Scripts.Home@887af79]" name="TestScript1" duration-ms="26126" started-at="2017-11-17T15:00:05Z" finished-at="2017-11-17T15:00:32Z">
          <reporter-output>
          </reporter-output>
        </test-method> <!-- TestScript1 -->
        <test-method status="PASS" signature="AfterMethod()[pri:0, instance:Scripts.Home@887af79]" name="AfterMethod" is-config="true" duration-ms="0" started-at="2017-11-17T15:00:32Z" finished-at="2017-11-17T15:00:32Z">
          <reporter-output>
          </reporter-output>
        </test-method> <!-- AfterMethod -->
        <test-method status="PASS" signature="configAfterClas()[pri:0, instance:Scripts.Home@887af79]" name="configAfterClas" is-config="true" duration-ms="87" started-at="2017-11-17T15:00:32Z" finished-at="2017-11-17T15:00:32Z">
          <reporter-output>
            <line>
              <![CDATA[QuitBrowser]]>
            </line>
          </reporter-output>
        </test-method> <!-- configAfterClas -->
        <test-method status="PASS" signature="configAfterClass()[pri:0, instance:Scripts.Home@887af79]" name="configAfterClass" is-config="true" duration-ms="0" started-at="2017-11-17T15:00:32Z" finished-at="2017-11-17T15:00:32Z">
          <reporter-output>
            <line>
              <![CDATA[QuitBrowser]]>
            </line>
          </reporter-output>
        </test-method> <!-- configAfterClass -->
        <test-method status="PASS" signature="AfterTest()[pri:0, instance:Scripts.Home@887af79]" name="AfterTest" is-config="true" duration-ms="0" started-at="2017-11-17T15:00:32Z" finished-at="2017-11-17T15:00:32Z">
          <reporter-output>
          </reporter-output>
        </test-method> <!-- AfterTest -->
        <test-method status="PASS" signature="configAfterSuit()[pri:0, instance:Scripts.Home@887af79]" name="configAfterSuit" is-config="true" duration-ms="278" started-at="2017-11-17T15:00:32Z" finished-at="2017-11-17T15:00:32Z">
          <reporter-output>
          </reporter-output>
        </test-method> <!-- configAfterSuit -->
      </class> <!-- Scripts.Home -->
    </test> <!-- Default test -->
  </suite> <!-- Default suite -->
</testng-results>
